\BOOKMARK [0][-]{chapter.1}{Measuring E-Mail Header Injections on the World Wide Web}{}% 1
\BOOKMARK [1][-]{section.1.1}{Introduction}{chapter.1}% 2
\BOOKMARK [1][-]{section.1.2}{Background}{chapter.1}% 3
\BOOKMARK [2][-]{subsection.1.2.1}{History of E-mail Header Injection}{section.1.2}% 4
\BOOKMARK [2][-]{subsection.1.2.2}{Languages Affected}{section.1.2}% 5
\BOOKMARK [2][-]{subsection.1.2.3}{Exploitation}{section.1.2}% 6
\BOOKMARK [2][-]{subsection.1.2.4}{Impact of E-mail Header Injection}{section.1.2}% 7
\BOOKMARK [1][-]{section.1.3}{System Design}{chapter.1}% 8
\BOOKMARK [2][-]{subsection.1.3.1}{Approach}{section.1.3}% 9
\BOOKMARK [2][-]{subsection.1.3.2}{System Components}{section.1.3}% 10
\BOOKMARK [1][-]{section.1.4}{Evaluation}{chapter.1}% 11
\BOOKMARK [2][-]{subsection.1.4.1}{Analysis of the Received E-mail Data}{section.1.4}% 12
\BOOKMARK [2][-]{subsection.1.4.2}{The Pipeline}{section.1.4}% 13
\BOOKMARK [2][-]{subsection.1.4.3}{Analysis of Vulnerable domains}{section.1.4}% 14
\BOOKMARK [2][-]{subsection.1.4.4}{Responsible Disclosure of Discovered Vulnerabilities}{section.1.4}% 15
\BOOKMARK [2][-]{subsection.1.4.5}{Exploitation Evidence}{section.1.4}% 16
\BOOKMARK [2][-]{subsection.1.4.6}{Emails with Malicious Attachments}{section.1.4}% 17
\BOOKMARK [1][-]{section.1.5}{Discussion}{chapter.1}% 18
\BOOKMARK [2][-]{subsection.1.5.1}{Lessons Learned}{section.1.5}% 19
\BOOKMARK [2][-]{subsection.1.5.2}{Limitations}{section.1.5}% 20
\BOOKMARK [2][-]{subsection.1.5.3}{Ethics}{section.1.5}% 21
\BOOKMARK [2][-]{subsection.1.5.4}{Mitigation Strategy}{section.1.5}% 22
\BOOKMARK [1][-]{section.1.6}{Related Work}{chapter.1}% 23
\BOOKMARK [1][-]{section.1.7}{Conclusions}{chapter.1}% 24
