\BOOKMARK [1][-]{section.1}{1 Introduction}{}% 1
\BOOKMARK [1][-]{section.2}{2 Background}{}% 2
\BOOKMARK [2][-]{subsection.2.1}{2.1 History of E-mail Header Injection}{section.2}% 3
\BOOKMARK [2][-]{subsection.2.2}{2.2 Languages Affected}{section.2}% 4
\BOOKMARK [2][-]{subsection.2.3}{2.3 Exploitation}{section.2}% 5
\BOOKMARK [2][-]{subsection.2.4}{2.4 Impact of E-mail Header Injection}{section.2}% 6
\BOOKMARK [1][-]{section.3}{3 System Design}{}% 7
\BOOKMARK [2][-]{subsection.3.1}{3.1 Approach}{section.3}% 8
\BOOKMARK [2][-]{subsection.3.2}{3.2 System Components}{section.3}% 9
\BOOKMARK [3][-]{subsubsection.3.2.1}{3.2.1 Data Gathering}{subsection.3.2}% 10
\BOOKMARK [3][-]{subsubsection.3.2.2}{3.2.2 E-mail Form Retriever}{subsection.3.2}% 11
\BOOKMARK [3][-]{subsubsection.3.2.3}{3.2.3 Fuzzer}{subsection.3.2}% 12
\BOOKMARK [3][-]{subsubsection.3.2.4}{3.2.4 Injection Verification}{subsection.3.2}% 13
\BOOKMARK [1][-]{section.4}{4 Evaluation}{}% 14
\BOOKMARK [2][-]{subsection.4.1}{4.1 Analysis of the Received E-mail Data}{section.4}% 15
\BOOKMARK [2][-]{subsection.4.2}{4.2 The Pipeline}{section.4}% 16
\BOOKMARK [2][-]{subsection.4.3}{4.3 Responsible Disclosure of Discovered Vulnerabilities}{section.4}% 17
\BOOKMARK [2][-]{subsection.4.4}{4.4 Exploitation Evidence}{section.4}% 18
\BOOKMARK [2][-]{subsection.4.5}{4.5 Emails with Malicious Attachments}{section.4}% 19
\BOOKMARK [1][-]{section.5}{5 Discussion}{}% 20
\BOOKMARK [2][-]{subsection.5.1}{5.1 Lessons Learned}{section.5}% 21
\BOOKMARK [2][-]{subsection.5.2}{5.2 Limitations}{section.5}% 22
\BOOKMARK [2][-]{subsection.5.3}{5.3 Ethics}{section.5}% 23
\BOOKMARK [2][-]{subsection.5.4}{5.4 Mitigation Strategy}{section.5}% 24
\BOOKMARK [1][-]{section.6}{6 Related Work}{}% 25
\BOOKMARK [1][-]{section.7}{7 Conclusions}{}% 26
